<?xml version="1.0" encoding="UTF-8"?>
<testsuite name="com.bl.invoice.InvoiceGeneratorTest" tests="1" skipped="0" failures="0" errors="0" timestamp="2020-10-24T06:39:23" hostname="LAPTOP-JP0FR8LN" time="0.003">
  <properties/>
  <testcase name="givenDistanceAndTimeReturnCorrectFare" classname="com.bl.invoice.InvoiceGeneratorTest" time="0.003"/>
  <system-out><![CDATA[]]></system-out>
  <system-err><![CDATA[]]></system-err>
</testsuite>
